<?xml version="1.0" encoding="UTF-8"?>
<!-- Generated by org.testng.reporters.JUnitReportReporter -->
<testsuite skipped="0" hostname="LAPTOP-DK0697BP" name="SeleniumFramework1.SeleniumFramework1.Firsttest" tests="1" failures="0" timestamp="01 May 2019 01:53:44 GMT" time="0.009" errors="0">
  <testcase name="execute" time="0.009" classname="SeleniumFramework1.SeleniumFramework1.Firsttest"/>
</testsuite> <!-- SeleniumFramework1.SeleniumFramework1.Firsttest -->
