<?xml version="1.0" encoding="UTF-8"?>
<!-- Generated by org.testng.reporters.JUnitReportReporter -->
<testsuite skipped="0" hostname="LAPTOP-DK0697BP" name="test.GoogleSearch2" tests="2" failures="0" timestamp="01 May 2019 04:30:08 GMT" time="4.985" errors="0">
  <testcase name="entertext1" time="4.976" classname="test.GoogleSearch2"/>
  <testcase name="enterbutton1" time="0.009" classname="test.GoogleSearch2"/>
</testsuite> <!-- test.GoogleSearch2 -->
