<?xml version="1.0" encoding="UTF-8"?>
<!-- Generated by org.testng.reporters.JUnitReportReporter -->
<testsuite skipped="0" hostname="LAPTOP-DK0697BP" name="util.ExcelDataProvider" tests="2" failures="0" timestamp="07 May 2019 00:01:54 GMT" time="0.009" errors="0">
  <testcase name="test1" time="0.007" classname="util.ExcelDataProvider"/>
  <testcase name="test1" time="0.002" classname="util.ExcelDataProvider"/>
</testsuite> <!-- util.ExcelDataProvider -->
