<?xml version="1.0" encoding="UTF-8"?>
<!-- Generated by org.testng.reporters.JUnitReportReporter -->
<testsuite skipped="0" hostname="LAPTOP-DK0697BP" name="test.GoogleSearch" tests="2" failures="0" timestamp="01 May 2019 04:30:08 GMT" time="4.774" errors="0">
  <testcase name="entertext" time="4.768" classname="test.GoogleSearch"/>
  <testcase name="enterbutton" time="0.006" classname="test.GoogleSearch"/>
</testsuite> <!-- test.GoogleSearch -->
